<?xml version="1.0" encoding="UTF-8" ?>
<testsuite tests="18" failures="0" name="LuhnTest" time="0.68" errors="0" skipped="17">
  <properties>
[...]
</properties>
  <testcase classname="LuhnTest" name="valid - even amount of digits" time="0.049">
    <skipped/>
  </testcase>
  <testcase classname="LuhnTest" name="invalid - non-digit at the end of valid" time="0.049">
    <skipped/>
  </testcase>
  <testcase classname="LuhnTest" name="invalid - credit card" time="0.049">
    <skipped/>
  </testcase>
  <testcase classname="LuhnTest" name="valid | valid luhn with an odd number of digits and non zero first digit" time="0.049">
    <skipped/>
  </testcase>
  <testcase classname="LuhnTest" name="invalid - single zero with space" time="0.05">
    <skipped/>
  </testcase>
  <testcase classname="LuhnTest" name="invalid - symbols in valid" time="0.05">
    <skipped/>
  </testcase>
  <testcase classname="LuhnTest" name="invalid - a single zero" time="0.05">
    <skipped/>
  </testcase>
  <testcase classname="LuhnTest" name="valid - input digit 9" time="0.05">
    <skipped/>
  </testcase>
  <testcase classname="LuhnTest" name="valid - Canadian" time="0.05">
    <skipped/>
  </testcase>
  <testcase classname="LuhnTest" name="invalid - ascii value for non-doubled non-digit in the middle" time="0.05">
    <skipped/>
  </testcase>
  <testcase classname="LuhnTest" name="invalid - single digit" time="0.023"/>
  <testcase classname="LuhnTest" name="valid - many zeros" time="0.023">
    <skipped/>
  </testcase>
  <testcase classname="LuhnTest" name="invalid - ascii value for non-doubled non-digit at the start" time="0.023">
    <skipped/>
  </testcase>
  <testcase classname="LuhnTest" name="valid - odd amount of spaces" time="0.023">
    <skipped/>
  </testcase>
  <testcase classname="LuhnTest" name="invalid - punctuation in valid" time="0.023">
    <skipped/>
  </testcase>
  <testcase classname="LuhnTest" name="valid - simple unreversable" time="0.023">
    <skipped/>
  </testcase>
  <testcase classname="LuhnTest" name="valid - simple reversable" time="0.023">
    <skipped/>
  </testcase>
  <testcase classname="LuhnTest" name="invalid - Canadian" time="0.023">
    <skipped/>
  </testcase>
</testsuite>